<testsuites id="" name="" tests="82" failures="0" skipped="0" errors="0" time="91.845401">
<testsuite name="basic-navigation.spec.ts" timestamp="2025-10-28T07:51:03.054Z" hostname="chromium" tests="4" failures="0" skipped="0" time="2.894" errors="0">
<testcase name="Basic Navigation › should load homepage successfully" classname="basic-navigation.spec.ts" time="1.172">
</testcase>
<testcase name="Basic Navigation › should navigate between pages" classname="basic-navigation.spec.ts" time="0.351">
</testcase>
<testcase name="Basic Navigation › should handle language switching" classname="basic-navigation.spec.ts" time="1.132">
</testcase>
<testcase name="Basic Navigation › should be responsive on mobile" classname="basic-navigation.spec.ts" time="0.239">
</testcase>
</testsuite>
<testsuite name="homepage.spec.ts" timestamp="2025-10-28T07:51:03.054Z" hostname="chromium" tests="12" failures="0" skipped="0" time="20.212" errors="0">
<testcase name="Homepage Core Functionality › should load homepage with all core sections" classname="homepage.spec.ts" time="1.106">
<system-out>
<![CDATA[🧹 Removing interfering elements...
✅ Interfering elements removed
⏳ Waiting for page to stabilize...
✅ Page is stable
]]>
</system-out>
</testcase>
<testcase name="Homepage Core Functionality › should display hero section with correct content and animations" classname="homepage.spec.ts" time="1.146">
<system-out>
<![CDATA[🧹 Removing interfering elements...
✅ Interfering elements removed
⏳ Waiting for page to stabilize...
✅ Page is stable
]]>
</system-out>
</testcase>
<testcase name="Homepage Core Functionality › should handle CTA button interactions correctly" classname="homepage.spec.ts" time="1.163">
<system-out>
<![CDATA[🧹 Removing interfering elements...
✅ Interfering elements removed
⏳ Waiting for page to stabilize...
✅ Page is stable
]]>
</system-out>
</testcase>
<testcase name="Homepage Core Functionality › Responsive Design Tests › should display correctly on desktop (1920x1080)" classname="homepage.spec.ts" time="1.619">
<system-out>
<![CDATA[🧹 Removing interfering elements...
✅ Interfering elements removed
⏳ Waiting for page to stabilize...
✅ Page is stable
⏳ Waiting for page to stabilize...
✅ Page is stable
]]>
</system-out>
</testcase>
<testcase name="Homepage Core Functionality › Responsive Design Tests › should display correctly on tablet (768x1024)" classname="homepage.spec.ts" time="1.539">
<system-out>
<![CDATA[🧹 Removing interfering elements...
✅ Interfering elements removed
⏳ Waiting for page to stabilize...
✅ Page is stable
⏳ Waiting for page to stabilize...
✅ Page is stable
]]>
</system-out>
</testcase>
<testcase name="Homepage Core Functionality › Responsive Design Tests › should display correctly on mobile (375x667)" classname="homepage.spec.ts" time="1.182">
<system-out>
<![CDATA[🧹 Removing interfering elements...
✅ Interfering elements removed
⏳ Waiting for page to stabilize...
✅ Page is stable
⏳ Waiting for page to stabilize...
✅ Page is stable
]]>
</system-out>
</testcase>
<testcase name="Homepage Core Functionality › Performance Tests › should load within performance budgets" classname="homepage.spec.ts" time="5.032">
<system-out>
<![CDATA[🧹 Removing interfering elements...
✅ Interfering elements removed
⏳ Waiting for page to stabilize...
✅ Page is stable
]]>
</system-out>
</testcase>
<testcase name="Homepage Core Functionality › Performance Tests › should handle slow network conditions gracefully" classname="homepage.spec.ts" time="2.286">
<system-out>
<![CDATA[🧹 Removing interfering elements...
✅ Interfering elements removed
⏳ Waiting for page to stabilize...
✅ Page is stable
]]>
</system-out>
</testcase>
<testcase name="Homepage Core Functionality › Accessibility Tests › should pass automated accessibility checks" classname="homepage.spec.ts" time="1.402">
<system-out>
<![CDATA[🧹 Removing interfering elements...
✅ Interfering elements removed
⏳ Waiting for page to stabilize...
✅ Page is stable
No accessibility violations detected!
]]>
</system-out>
</testcase>
<testcase name="Homepage Core Functionality › Accessibility Tests › should support keyboard navigation" classname="homepage.spec.ts" time="1.09">
<system-out>
<![CDATA[🧹 Removing interfering elements...
✅ Interfering elements removed
⏳ Waiting for page to stabilize...
✅ Page is stable
]]>
</system-out>
</testcase>
<testcase name="Homepage Core Functionality › Accessibility Tests › should have proper ARIA attributes and semantic structure" classname="homepage.spec.ts" time="1.108">
<system-out>
<![CDATA[🧹 Removing interfering elements...
✅ Interfering elements removed
⏳ Waiting for page to stabilize...
✅ Page is stable
]]>
</system-out>
</testcase>
<testcase name="Homepage Core Functionality › Accessibility Tests › should respect reduced motion preferences" classname="homepage.spec.ts" time="1.539">
<system-out>
<![CDATA[🧹 Removing interfering elements...
✅ Interfering elements removed
⏳ Waiting for page to stabilize...
✅ Page is stable
⏳ Waiting for page to stabilize...
✅ Page is stable
]]>
</system-out>
</testcase>
</testsuite>
<testsuite name="i18n-redirect-validation.spec.ts" timestamp="2025-10-28T07:51:03.054Z" hostname="chromium" tests="15" failures="0" skipped="0" time="16.361" errors="0">
<testcase name="Next.js 15.4.7 国际化重定向验证 › 基础语言检测和重定向 › 应该正确访问中文首页并设置Cookie" classname="i18n-redirect-validation.spec.ts" time="5.401">
<system-err>
<![CDATA[NEXT_LOCALE cookie not present; continuing with html[lang] validation
]]>
</system-err>
</testcase>
<testcase name="Next.js 15.4.7 国际化重定向验证 › 基础语言检测和重定向 › 应该正确访问英文About页并设置Cookie" classname="i18n-redirect-validation.spec.ts" time="5.333">
<system-err>
<![CDATA[NEXT_LOCALE cookie not present; continuing with html[lang] validation
]]>
</system-err>
</testcase>
<testcase name="Next.js 15.4.7 国际化重定向验证 › 基础语言检测和重定向 › 应该正确处理中文路径访问" classname="i18n-redirect-validation.spec.ts" time="0.284">
</testcase>
<testcase name="Next.js 15.4.7 国际化重定向验证 › 路径本地化验证 › 应该正确处理本地化路径映射" classname="i18n-redirect-validation.spec.ts" time="0.335">
</testcase>
<testcase name="Next.js 15.4.7 国际化重定向验证 › 路径本地化验证 › 应该正确处理联系页面的路径本地化" classname="i18n-redirect-validation.spec.ts" time="0.345">
</testcase>
<testcase name="Next.js 15.4.7 国际化重定向验证 › 路径本地化验证 › 应该正确处理英文原始路径" classname="i18n-redirect-validation.spec.ts" time="0.269">
</testcase>
<testcase name="Next.js 15.4.7 国际化重定向验证 › 重定向性能和稳定性 › 应该快速完成语言检测和重定向" classname="i18n-redirect-validation.spec.ts" time="0.311">
</testcase>
<testcase name="Next.js 15.4.7 国际化重定向验证 › 重定向性能和稳定性 › 应该处理并发请求而不出现竞态条件" classname="i18n-redirect-validation.spec.ts" time="1.652">
</testcase>
<testcase name="Next.js 15.4.7 国际化重定向验证 › 错误处理和回退机制 › 应该处理无效的语言前缀" classname="i18n-redirect-validation.spec.ts" time="0.385">
</testcase>
<testcase name="Next.js 15.4.7 国际化重定向验证 › 错误处理和回退机制 › 应该处理不存在的本地化路径" classname="i18n-redirect-validation.spec.ts" time="0.497">
</testcase>
<testcase name="Next.js 15.4.7 国际化重定向验证 › 错误处理和回退机制 › 应该在语言检测失败时回退到默认语言" classname="i18n-redirect-validation.spec.ts" time="0.35">
</testcase>
<testcase name="Next.js 15.4.7 国际化重定向验证 › SEO 和元数据验证 › 应该为不同语言设置正确的 hreflang 标签" classname="i18n-redirect-validation.spec.ts" time="0.286">
</testcase>
<testcase name="Next.js 15.4.7 国际化重定向验证 › SEO 和元数据验证 › 应该为中文页面设置正确的元数据" classname="i18n-redirect-validation.spec.ts" time="0.319">
</testcase>
<testcase name="Next.js 15.4.7 国际化重定向验证 › 用户体验验证 › 语言切换应该保持在相同的页面类型" classname="i18n-redirect-validation.spec.ts" time="0.282">
</testcase>
<testcase name="Next.js 15.4.7 国际化重定向验证 › 用户体验验证 › 页面加载应该流畅无闪烁" classname="i18n-redirect-validation.spec.ts" time="0.312">
</testcase>
</testsuite>
<testsuite name="i18n.spec.ts" timestamp="2025-10-28T07:51:03.054Z" hostname="chromium" tests="14" failures="0" skipped="0" time="20.03" errors="0">
<testcase name="Internationalization (i18n) › should default to English locale and display correct lang attribute" classname="i18n.spec.ts" time="1.124">
<system-out>
<![CDATA[🧹 Removing interfering elements...
✅ Interfering elements removed
⏳ Waiting for page to stabilize...
✅ Page is stable
]]>
</system-out>
</testcase>
<testcase name="Internationalization (i18n) › Language Switching › should switch from English to Chinese and update content" classname="i18n.spec.ts" time="1.322">
<system-out>
<![CDATA[🧹 Removing interfering elements...
✅ Interfering elements removed
⏳ Waiting for page to stabilize...
✅ Page is stable
⏳ Waiting for page to stabilize...
✅ Page is stable
]]>
</system-out>
</testcase>
<testcase name="Internationalization (i18n) › Language Switching › should switch from Chinese back to English" classname="i18n.spec.ts" time="1.46">
<system-out>
<![CDATA[🧹 Removing interfering elements...
✅ Interfering elements removed
⏳ Waiting for page to stabilize...
✅ Page is stable
⏳ Waiting for page to stabilize...
✅ Page is stable
⏳ Waiting for page to stabilize...
✅ Page is stable
]]>
</system-out>
</testcase>
<testcase name="Internationalization (i18n) › Language Switching › should show loading indicator during language switch" classname="i18n.spec.ts" time="1.696">
<system-out>
<![CDATA[🧹 Removing interfering elements...
✅ Interfering elements removed
⏳ Waiting for page to stabilize...
✅ Page is stable
]]>
</system-out>
</testcase>
<testcase name="Internationalization (i18n) › Language Switching › should preserve current page path during language switch" classname="i18n.spec.ts" time="1.31">
<system-out>
<![CDATA[🧹 Removing interfering elements...
✅ Interfering elements removed
⏳ Waiting for page to stabilize...
✅ Page is stable
]]>
</system-out>
</testcase>
<testcase name="Internationalization (i18n) › Theme Localization › should display theme toggle in correct language (conditional)" classname="i18n.spec.ts" time="1.094">
<system-out>
<![CDATA[🧹 Removing interfering elements...
✅ Interfering elements removed
⏳ Waiting for page to stabilize...
✅ Page is stable
]]>
</system-out>
</testcase>
<testcase name="Internationalization (i18n) › Theme Localization › should maintain theme preference across language switches (conditional)" classname="i18n.spec.ts" time="1.098">
<system-out>
<![CDATA[🧹 Removing interfering elements...
✅ Interfering elements removed
⏳ Waiting for page to stabilize...
✅ Page is stable
]]>
</system-out>
</testcase>
<testcase name="Internationalization (i18n) › Content Translation Validation › should display all navigation items in both languages" classname="i18n.spec.ts" time="1.306">
<system-out>
<![CDATA[🧹 Removing interfering elements...
✅ Interfering elements removed
⏳ Waiting for page to stabilize...
✅ Page is stable
⏳ Waiting for page to stabilize...
✅ Page is stable
]]>
</system-out>
</testcase>
<testcase name="Internationalization (i18n) › Content Translation Validation › should handle missing translations gracefully" classname="i18n.spec.ts" time="1.092">
<system-out>
<![CDATA[🧹 Removing interfering elements...
✅ Interfering elements removed
⏳ Waiting for page to stabilize...
✅ Page is stable
]]>
</system-out>
</testcase>
<testcase name="Internationalization (i18n) › Mobile i18n Experience › should work correctly on mobile devices" classname="i18n.spec.ts" time="1.345">
<system-out>
<![CDATA[🧹 Removing interfering elements...
✅ Interfering elements removed
⏳ Waiting for page to stabilize...
✅ Page is stable
⏳ Waiting for page to stabilize...
✅ Page is stable
]]>
</system-out>
</testcase>
<testcase name="Internationalization (i18n) › Accessibility and i18n › should pass accessibility checks in both languages" classname="i18n.spec.ts" time="1.628">
<system-out>
<![CDATA[🧹 Removing interfering elements...
✅ Interfering elements removed
⏳ Waiting for page to stabilize...
✅ Page is stable
No accessibility violations detected!
⏳ Waiting for page to stabilize...
✅ Page is stable
No accessibility violations detected!
]]>
</system-out>
</testcase>
<testcase name="Internationalization (i18n) › Accessibility and i18n › should have proper lang attributes for screen readers" classname="i18n.spec.ts" time="1.346">
<system-out>
<![CDATA[🧹 Removing interfering elements...
✅ Interfering elements removed
⏳ Waiting for page to stabilize...
✅ Page is stable
⏳ Waiting for page to stabilize...
✅ Page is stable
]]>
</system-out>
</testcase>
<testcase name="Internationalization (i18n) › URL and SEO › should generate correct URLs for different locales" classname="i18n.spec.ts" time="1.32">
<system-out>
<![CDATA[🧹 Removing interfering elements...
✅ Interfering elements removed
⏳ Waiting for page to stabilize...
✅ Page is stable
]]>
</system-out>
</testcase>
<testcase name="Internationalization (i18n) › URL and SEO › should handle direct navigation to localized URLs" classname="i18n.spec.ts" time="2.889">
<system-out>
<![CDATA[🧹 Removing interfering elements...
✅ Interfering elements removed
⏳ Waiting for page to stabilize...
✅ Page is stable
⏳ Waiting for page to stabilize...
✅ Page is stable
]]>
</system-out>
</testcase>
</testsuite>
<testsuite name="navigation.spec.ts" timestamp="2025-10-28T07:51:03.054Z" hostname="chromium" tests="18" failures="0" skipped="0" time="23.032" errors="0">
<testcase name="Navigation System › should redirect root path to default locale" classname="navigation.spec.ts" time="1.98">
<system-out>
<![CDATA[🧹 Removing interfering elements...
✅ Interfering elements removed
⏳ Waiting for page to stabilize...
✅ Page is stable
⏳ Waiting for page to stabilize...
✅ Page is stable
]]>
</system-out>
</testcase>
<testcase name="Navigation System › Desktop Navigation › should display all main navigation links" classname="navigation.spec.ts" time="1.096">
<system-out>
<![CDATA[🧹 Removing interfering elements...
✅ Interfering elements removed
⏳ Waiting for page to stabilize...
✅ Page is stable
]]>
</system-out>
</testcase>
<testcase name="Navigation System › Desktop Navigation › should navigate between pages and highlight active link" classname="navigation.spec.ts" time="1.261">
<system-out>
<![CDATA[🧹 Removing interfering elements...
✅ Interfering elements removed
⏳ Waiting for page to stabilize...
✅ Page is stable
⏳ Waiting for page to stabilize...
✅ Page is stable
⏳ Waiting for page to stabilize...
✅ Page is stable
]]>
</system-out>
</testcase>
<testcase name="Navigation System › Desktop Navigation › should support keyboard navigation" classname="navigation.spec.ts" time="1.114">
<system-out>
<![CDATA[🧹 Removing interfering elements...
✅ Interfering elements removed
⏳ Waiting for page to stabilize...
✅ Page is stable
]]>
</system-out>
</testcase>
<testcase name="Navigation System › Desktop Navigation › should handle external links correctly" classname="navigation.spec.ts" time="1.099">
<system-out>
<![CDATA[🧹 Removing interfering elements...
✅ Interfering elements removed
⏳ Waiting for page to stabilize...
✅ Page is stable
]]>
</system-out>
</testcase>
<testcase name="Navigation System › Mobile Navigation › should display hamburger menu on mobile" classname="navigation.spec.ts" time="1.073">
<system-out>
<![CDATA[🧹 Removing interfering elements...
✅ Interfering elements removed
⏳ Waiting for page to stabilize...
✅ Page is stable
]]>
</system-out>
</testcase>
<testcase name="Navigation System › Mobile Navigation › should open and close mobile navigation sheet" classname="navigation.spec.ts" time="1.176">
<system-out>
<![CDATA[🧹 Removing interfering elements...
✅ Interfering elements removed
⏳ Waiting for page to stabilize...
✅ Page is stable
]]>
</system-out>
</testcase>
<testcase name="Navigation System › Mobile Navigation › should navigate from mobile menu and auto-close" classname="navigation.spec.ts" time="1.233">
<system-out>
<![CDATA[🧹 Removing interfering elements...
✅ Interfering elements removed
⏳ Waiting for page to stabilize...
✅ Page is stable
⏳ Waiting for page to stabilize...
✅ Page is stable
]]>
</system-out>
</testcase>
<testcase name="Navigation System › Mobile Navigation › should support touch interactions" classname="navigation.spec.ts" time="1.12">
<system-out>
<![CDATA[🧹 Removing interfering elements...
✅ Interfering elements removed
⏳ Waiting for page to stabilize...
✅ Page is stable
]]>
</system-out>
</testcase>
<testcase name="Navigation System › Route Handling › should handle non-existent routes with 404 page" classname="navigation.spec.ts" time="1.108">
<system-out>
<![CDATA[🧹 Removing interfering elements...
✅ Interfering elements removed
⏳ Waiting for page to stabilize...
✅ Page is stable
]]>
</system-out>
</testcase>
<testcase name="Navigation System › Route Handling › should preserve query parameters during navigation" classname="navigation.spec.ts" time="2.089">
<system-out>
<![CDATA[🧹 Removing interfering elements...
✅ Interfering elements removed
⏳ Waiting for page to stabilize...
✅ Page is stable
]]>
</system-out>
</testcase>
<testcase name="Navigation System › Route Handling › should handle browser back/forward navigation" classname="navigation.spec.ts" time="1.302">
<system-out>
<![CDATA[🧹 Removing interfering elements...
✅ Interfering elements removed
⏳ Waiting for page to stabilize...
✅ Page is stable
]]>
</system-out>
</testcase>
<testcase name="Navigation System › Accessibility Tests › should pass navigation accessibility checks" classname="navigation.spec.ts" time="1.193">
<system-out>
<![CDATA[🧹 Removing interfering elements...
✅ Interfering elements removed
⏳ Waiting for page to stabilize...
✅ Page is stable
No accessibility violations detected!
]]>
</system-out>
</testcase>
<testcase name="Navigation System › Accessibility Tests › should have proper ARIA attributes" classname="navigation.spec.ts" time="1.107">
<system-out>
<![CDATA[🧹 Removing interfering elements...
✅ Interfering elements removed
⏳ Waiting for page to stabilize...
✅ Page is stable
]]>
</system-out>
</testcase>
<testcase name="Navigation System › Accessibility Tests › should support screen reader navigation" classname="navigation.spec.ts" time="1.11">
<system-out>
<![CDATA[🧹 Removing interfering elements...
✅ Interfering elements removed
⏳ Waiting for page to stabilize...
✅ Page is stable
]]>
</system-out>
</testcase>
<testcase name="Navigation System › Accessibility Tests › should work with high contrast mode" classname="navigation.spec.ts" time="1.567">
<system-out>
<![CDATA[🧹 Removing interfering elements...
✅ Interfering elements removed
⏳ Waiting for page to stabilize...
✅ Page is stable
⏳ Waiting for page to stabilize...
✅ Page is stable
]]>
</system-out>
</testcase>
<testcase name="Navigation System › Performance Tests › should navigate quickly between pages" classname="navigation.spec.ts" time="1.3">
<system-out>
<![CDATA[🧹 Removing interfering elements...
✅ Interfering elements removed
⏳ Waiting for page to stabilize...
✅ Page is stable
]]>
</system-out>
</testcase>
<testcase name="Navigation System › Performance Tests › should preload navigation links" classname="navigation.spec.ts" time="1.104">
<system-out>
<![CDATA[🧹 Removing interfering elements...
✅ Interfering elements removed
⏳ Waiting for page to stabilize...
✅ Page is stable
]]>
</system-out>
</testcase>
</testsuite>
<testsuite name="performance.spec.ts" timestamp="2025-10-28T07:51:03.054Z" hostname="chromium" tests="4" failures="0" skipped="0" time="8.052" errors="0">
<testcase name="Performance Tests › should load homepage within acceptable time" classname="performance.spec.ts" time="1.066">
<system-out>
<![CDATA[Homepage load time: 970ms
]]>
</system-out>
</testcase>
<testcase name="Performance Tests › should have good Core Web Vitals" classname="performance.spec.ts" time="5.366">
<system-out>
<![CDATA[Core Web Vitals: {}
]]>
</system-out>
</testcase>
<testcase name="Performance Tests › should not have console errors" classname="performance.spec.ts" time="1.062">
</testcase>
<testcase name="Performance Tests › should handle network failures gracefully" classname="performance.spec.ts" time="0.558">
</testcase>
</testsuite>
<testsuite name="safe-navigation.spec.ts" timestamp="2025-10-28T07:51:03.054Z" hostname="chromium" tests="6" failures="0" skipped="0" time="10.134" errors="0">
<testcase name="Safe Navigation Tests › should load homepage without interference" classname="safe-navigation.spec.ts" time="1.096">
<system-out>
<![CDATA[🧹 Removing interfering elements...
✅ Interfering elements removed
⏳ Waiting for page to stabilize...
✅ Page is stable
✅ Homepage loaded cleanly without React Scan interference
]]>
</system-out>
</testcase>
<testcase name="Safe Navigation Tests › should navigate between pages safely" classname="safe-navigation.spec.ts" time="1.297">
<system-out>
<![CDATA[🧹 Removing interfering elements...
✅ Interfering elements removed
⏳ Waiting for page to stabilize...
✅ Page is stable
🖥️  Testing desktop navigation...
🖱️  Safe clicking: a[href*="/about"]:visible
🧹 Removing interfering elements...
✅ Interfering elements removed
🧹 Removing interfering elements...
✅ Interfering elements removed
✅ Successfully clicked: a[href*="/about"]:visible
ℹ️  Navigation clicked but URL didn't change as expected: http://localhost:3000/en
]]>
</system-out>
</testcase>
<testcase name="Safe Navigation Tests › should handle mobile menu safely" classname="safe-navigation.spec.ts" time="2.467">
<system-out>
<![CDATA[🧹 Removing interfering elements...
✅ Interfering elements removed
⏳ Waiting for page to stabilize...
✅ Page is stable
🧹 Removing interfering elements...
✅ Interfering elements removed
🎯 Found mobile menu button: button[aria-label*="menu"]
🖱️  Safe clicking: button[aria-label*="menu"]
🧹 Removing interfering elements...
✅ Interfering elements removed
🧹 Removing interfering elements...
✅ Interfering elements removed
✅ Successfully clicked: button[aria-label*="menu"]
✅ Mobile menu interaction completed
]]>
</system-out>
</testcase>
<testcase name="Safe Navigation Tests › should handle theme toggle safely" classname="safe-navigation.spec.ts" time="1.49">
<system-out>
<![CDATA[🧹 Removing interfering elements...
✅ Interfering elements removed
⏳ Waiting for page to stabilize...
✅ Page is stable
🎯 Found theme toggle button: [data-testid="theme-toggle"]
🖱️  Safe clicking: [data-testid="theme-toggle"]
🧹 Removing interfering elements...
✅ Interfering elements removed
🧹 Removing interfering elements...
✅ Interfering elements removed
✅ Successfully clicked: [data-testid="theme-toggle"]
🎨 Theme changed from light to light
✅ Theme toggle interaction completed
]]>
</system-out>
</testcase>
<testcase name="Safe Navigation Tests › should handle language switcher safely" classname="safe-navigation.spec.ts" time="1.815">
<system-out>
<![CDATA[🧹 Removing interfering elements...
✅ Interfering elements removed
⏳ Waiting for page to stabilize...
✅ Page is stable
🎯 Found language switcher: [data-testid="language-switcher"]
🖱️  Safe clicking: [data-testid="language-switcher"]
🧹 Removing interfering elements...
✅ Interfering elements removed
🧹 Removing interfering elements...
✅ Interfering elements removed
✅ Successfully clicked: [data-testid="language-switcher"]
🌐 Language switcher clicked, URL: http://localhost:3000/en -> http://localhost:3000/en
✅ Language switcher interaction completed
]]>
</system-out>
</testcase>
<testcase name="Safe Navigation Tests › should verify no React Scan elements exist" classname="safe-navigation.spec.ts" time="1.969">
<system-out>
<![CDATA[🧹 Removing interfering elements...
✅ Interfering elements removed
⏳ Waiting for page to stabilize...
✅ Page is stable
✅ No #react-scan-toolbar-root elements found
✅ No [data-testid="react-scan-indicator"] elements found
✅ No [data-testid="react-scan-control-panel"] elements found
✅ No .react-scan-overlay elements found
✅ No .react-scan-toolbar elements found
✅ React Scan interference verification completed
]]>
</system-out>
</testcase>
</testsuite>
<testsuite name="web-eval-basic.spec.ts" timestamp="2025-10-28T07:51:03.054Z" hostname="chromium" tests="5" failures="0" skipped="0" time="6.305" errors="0">
<testcase name="Web Eval Agent - Basic Functionality › should load homepage and capture basic metrics" classname="web-eval-basic.spec.ts" time="1.09">
<system-out>
<![CDATA[✅ Homepage loaded in 976ms
]]>
</system-out>
</testcase>
<testcase name="Web Eval Agent - Basic Functionality › should capture network requests" classname="web-eval-basic.spec.ts" time="1.06">
<system-out>
<![CDATA[✅ Captured 34 network requests
]]>
</system-out>
</testcase>
<testcase name="Web Eval Agent - Basic Functionality › should capture console messages" classname="web-eval-basic.spec.ts" time="1.057">
<system-out>
<![CDATA[✅ Captured 5 console messages
]]>
</system-out>
</testcase>
<testcase name="Web Eval Agent - Basic Functionality › should work with different viewport sizes" classname="web-eval-basic.spec.ts" time="2.845">
<system-out>
<![CDATA[✅ Responsive design verified across viewports
]]>
</system-out>
</testcase>
<testcase name="Web Eval Agent - Basic Functionality › should measure basic performance metrics" classname="web-eval-basic.spec.ts" time="0.253">
<system-out>
<![CDATA[✅ Performance metrics: {
  domContentLoaded: [33m42.600000001490116[39m,
  loadComplete: [33m115.5[39m,
  firstByte: [33m2.899999998509884[39m
}
]]>
</system-out>
</testcase>
</testsuite>
<testsuite name="web-eval-integration.spec.ts" timestamp="2025-10-28T07:51:03.054Z" hostname="chromium" tests="4" failures="0" skipped="0" time="4.997" errors="0">
<testcase name="Web Eval Agent Integration › should capture network requests for analysis" classname="web-eval-integration.spec.ts" time="1.068">
<system-out>
<![CDATA[Captured 34 network requests
Network requests: [
  {
    "url": "http://localhost:3000/",
    "method": "GET",
    "status": 307,
    "timing": 1761637916365
  },
  {
    "url": "http://localhost:3000/en",
    "method": "GET",
    "status": 200,
    "timing": 1761637916368
  },
  {
    "url": "http://localhost:3000/_next/static/css/d514be556009b4f4.css",
    "method": "GET",
    "status": 200,
    "timing": 1761637916374
  },
  {
    "url": "http://localhost:3000/_next/static/css/deb742b24ae2038f.css",
    "method": "GET",
    "status": 200,
    "timing": 1761637916374
  },
  {
    "url": "http://localhost:3000/_next/static/css/d514be556009b4f4.css",
    "method": "GET",
    "status": 200,
    "timing": 1761637916374
  },
  {
    "url": "http://localhost:3000/next.svg",
    "method": "GET",
    "status": 200,
    "timing": 1761637916375
  },
  {
    "url": "http://localhost:3000/_next/static/media/028c0d39d2e8f589-s.p.woff2",
    "method": "GET",
    "status": 200,
    "timing": 1761637916376
  },
  {
    "url": "http://localhost:3000/_next/static/media/5b01f339abf2f1a5-s.p.woff2",
    "method": "GET",
    "status": 200,
    "timing": 1761637916376
  },
  {
    "url": "http://localhost:3000/_next/static/chunks/webpack-d19046635db40dd2.js",
    "method": "GET",
    "status": 200,
    "timing": 1761637916377
  },
  {
    "url": "http://localhost:3000/_next/static/chunks/main-app-32640db5eee0c872.js",
    "method": "GET",
    "status": 200,
    "timing": 1761637916378
  },
  {
    "url": "http://localhost:3000/_next/static/chunks/lucide-105ff42a9cf6af81.js",
    "method": "GET",
    "status": 200,
    "timing": 1761637916408
  },
  {
    "url": "http://localhost:3000/_next/static/chunks/nextjs-libs-3a113b50313c5492.js",
    "method": "GET",
    "status": 200,
    "timing": 1761637916408
  },
  {
    "url": "http://localhost:3000/_next/static/chunks/radix-ui-54169285784f23ac.js",
    "method": "GET",
    "status": 200,
    "timing": 1761637916408
  },
  {
    "url": "http://localhost:3000/_next/static/chunks/3475-f31dd6aae1f3b389.js",
    "method": "GET",
    "status": 200,
    "timing": 1761637916408
  },
  {
    "url": "http://localhost:3000/_next/static/chunks/utils-d338703e24530e43.js",
    "method": "GET",
    "status": 200,
    "timing": 1761637916408
  },
  {
    "url": "http://localhost:3000/_next/static/chunks/9119-2a289e9b35ec8630.js",
    "method": "GET",
    "status": 200,
    "timing": 1761637916409
  },
  {
    "url": "http://localhost:3000/_next/static/chunks/app/global-error-c8026587f4fc2869.js",
    "method": "GET",
    "status": 200,
    "timing": 1761637916409
  },
  {
    "url": "http://localhost:3000/_next/static/chunks/c101ad1e-1d7a994ee371e06b.js",
    "method": "GET",
    "status": 200,
    "timing": 1761637916409
  },
  {
    "url": "http://localhost:3000/_next/static/chunks/2411.12d81b077f58f6a0.js",
    "method": "GET",
    "status": 200,
    "timing": 1761637916410
  },
  {
    "url": "http://localhost:3000/_next/static/chunks/app/%5Blocale%5D/page-f574523628e0949e.js",
    "method": "GET",
    "status": 200,
    "timing": 1761637916410
  },
  {
    "url": "http://localhost:3000/_next/static/chunks/app/%5Blocale%5D/layout-758e85b04c1e6d6d.js",
    "method": "GET",
    "status": 200,
    "timing": 1761637916410
  },
  {
    "url": "http://localhost:3000/_next/static/chunks/vendors-c40328087533f636.js",
    "method": "GET",
    "status": 200,
    "timing": 1761637916411
  },
  {
    "url": "http://localhost:3000/_next/static/chunks/20cbac7a.b96b1e737314f9b6.js",
    "method": "GET",
    "status": 200,
    "timing": 1761637916455
  },
  {
    "url": "http://localhost:3000/_next/static/chunks/sentry.b3e257220b841058.js",
    "method": "GET",
    "status": 200,
    "timing": 1761637916458
  },
  {
    "url": "http://localhost:3000/_next/static/chunks/analytics-libs.034ba99d0a2cdb64.js",
    "method": "GET",
    "status": 200,
    "timing": 1761637916495
  },
  {
    "url": "http://localhost:3000/_next/static/chunks/8617.dc34c775e1d0a350.js",
    "method": "GET",
    "status": 200,
    "timing": 1761637916495
  },
  {
    "url": "http://localhost:3000/_next/static/chunks/610.67a5f8a126438042.js",
    "method": "GET",
    "status": 200,
    "timing": 1761637916496
  },
  {
    "url": "http://localhost:3000/_next/static/chunks/4292.ee8c4516cb50a054.js",
    "method": "GET",
    "status": 200,
    "timing": 1761637916496
  },
  {
    "url": "http://localhost:3000/_next/static/chunks/3174.2c204b152e663053.js",
    "method": "GET",
    "status": 200,
    "timing": 1761637916516
  },
  {
    "url": "http://localhost:3000/_next/static/chunks/ui-libs.336232aa9b42064c.js",
    "method": "GET",
    "status": 200,
    "timing": 1761637916517
  },
  {
    "url": "http://localhost:3000/_vercel/insights/script.js",
    "method": "GET",
    "status": 404,
    "timing": 1761637916817
  },
  {
    "url": "http://localhost:3000/_vercel/speed-insights/script.js",
    "method": "GET",
    "status": 404,
    "timing": 1761637916817
  },
  {
    "url": "http://localhost:3000/en/blog?_rsc=2qfci",
    "method": "GET",
    "status": 200,
    "timing": 1761637916829
  },
  {
    "url": "http://localhost:3000/en/about?_rsc=2qfci",
    "method": "GET",
    "status": 200,
    "timing": 1761637916829
  }
]
]]>
</system-out>
</testcase>
<testcase name="Web Eval Agent Integration › should measure page performance metrics" classname="web-eval-integration.spec.ts" time="3.331">
<system-out>
<![CDATA[Performance metrics: {}
]]>
</system-out>
</testcase>
<testcase name="Web Eval Agent Integration › should test user interaction flows" classname="web-eval-integration.spec.ts" time="0.318">
<system-out>
<![CDATA[User interactions: [
  {
    "action": "theme_toggle",
    "element": "theme_button",
    "success": true,
    "timing": 40
  }
]
]]>
</system-out>
</testcase>
<testcase name="Web Eval Agent Integration › should validate accessibility for Web Eval Agent" classname="web-eval-integration.spec.ts" time="0.28">
<system-out>
<![CDATA[Accessibility issues found: [ [32m'Image missing alt text: /next.svg'[39m ]
]]>
</system-out>
<system-err>
<![CDATA[Found 1 accessibility issues
]]>
</system-err>
</testcase>
</testsuite>
</testsuites>