{"numTotalTestSuites":9,"numPassedTestSuites":0,"numFailedTestSuites":9,"numPendingTestSuites":0,"numTotalTests":20,"numPassedTests":2,"numFailedTests":18,"numPendingTests":0,"numTodoTests":0,"snapshot":{"added":0,"failure":false,"filesAdded":0,"filesRemoved":0,"filesRemovedList":[],"filesUnmatched":0,"filesUpdated":0,"matched":0,"total":0,"unchecked":0,"uncheckedKeysByFile":[],"unmatched":0,"updated":0,"didUpdate":false},"startTime":1754841810955,"success":false,"testResults":[{"assertionResults":[{"ancestorTitles":["useWebVitalsDiagnostics","initialization"],"fullName":"useWebVitalsDiagnostics initialization should initialize with loading state","status":"passed","title":"should initialize with loading state","duration":11.362792000000013,"failureMessages":[],"location":{"line":93,"column":5},"meta":{}},{"ancestorTitles":["useWebVitalsDiagnostics","initialization"],"fullName":"useWebVitalsDiagnostics initialization should provide all required functions","status":"passed","title":"should provide all required functions","duration":2.6854170000000295,"failureMessages":[],"location":{"line":102,"column":5},"meta":{}},{"ancestorTitles":["useWebVitalsDiagnostics","initialization"],"fullName":"useWebVitalsDiagnostics initialization should load historical data from localStorage on mount","status":"failed","title":"should load historical data from localStorage on mount","duration":10004.266375,"failureMessages":["Error: STACK_TRACE_ERROR\n    at task (file:///Users/Data/Warehouse/Focus/tucsenberg-web-frontier/node_modules/.pnpm/@vitest+runner@3.2.4/node_modules/@vitest/runner/dist/chunk-hooks.js:638:27)\n    at Object.<anonymous> (file:///Users/Data/Warehouse/Focus/tucsenberg-web-frontier/node_modules/.pnpm/@vitest+runner@3.2.4/node_modules/@vitest/runner/dist/chunk-hooks.js:662:16)\n    at Object.<anonymous> (file:///Users/Data/Warehouse/Focus/tucsenberg-web-frontier/node_modules/.pnpm/@vitest+runner@3.2.4/node_modules/@vitest/runner/dist/chunk-hooks.js:458:28)\n    at chain (file:///Users/Data/Warehouse/Focus/tucsenberg-web-frontier/node_modules/.pnpm/@vitest+runner@3.2.4/node_modules/@vitest/runner/dist/chunk-hooks.js:369:14)\n    at /Users/Data/Warehouse/Focus/tucsenberg-web-frontier/src/hooks/__tests__/use-web-vitals-diagnostics.test.ts:112:5\n    at file:///Users/Data/Warehouse/Focus/tucsenberg-web-frontier/node_modules/.pnpm/@vitest+runner@3.2.4/node_modules/@vitest/runner/dist/chunk-hooks.js:734:40\n    at runWithSuite (file:///Users/Data/Warehouse/Focus/tucsenberg-web-frontier/node_modules/.pnpm/@vitest+runner@3.2.4/node_modules/@vitest/runner/dist/chunk-hooks.js:1849:8)\n    at Object.collect (file:///Users/Data/Warehouse/Focus/tucsenberg-web-frontier/node_modules/.pnpm/@vitest+runner@3.2.4/node_modules/@vitest/runner/dist/chunk-hooks.js:734:10)\n    at Object.collect (file:///Users/Data/Warehouse/Focus/tucsenberg-web-frontier/node_modules/.pnpm/@vitest+runner@3.2.4/node_modules/@vitest/runner/dist/chunk-hooks.js:738:54)\n    at Object.collect (file:///Users/Data/Warehouse/Focus/tucsenberg-web-frontier/node_modules/.pnpm/@vitest+runner@3.2.4/node_modules/@vitest/runner/dist/chunk-hooks.js:738:46)\n    at collectTests (file:///Users/Data/Warehouse/Focus/tucsenberg-web-frontier/node_modules/.pnpm/@vitest+runner@3.2.4/node_modules/@vitest/runner/dist/chunk-hooks.js:1179:25)\n    at startTests (file:///Users/Data/Warehouse/Focus/tucsenberg-web-frontier/node_modules/.pnpm/@vitest+runner@3.2.4/node_modules/@vitest/runner/dist/chunk-hooks.js:1817:17)\n    at file:///Users/Data/Warehouse/Focus/tucsenberg-web-frontier/node_modules/.pnpm/vitest@3.2.4_@types+debug@4.1.12_@types+node@20.19.9_@vitest+ui@3.2.4_jiti@2.5.1_jsdom@_8e2c5c501967e2f6fa08df5ad544d5f0/node_modules/vitest/dist/chunks/runBaseTests.9Ij9_de-.js:117:26\n    at withEnv (file:///Users/Data/Warehouse/Focus/tucsenberg-web-frontier/node_modules/.pnpm/vitest@3.2.4_@types+debug@4.1.12_@types+node@20.19.9_@vitest+ui@3.2.4_jiti@2.5.1_jsdom@_8e2c5c501967e2f6fa08df5ad544d5f0/node_modules/vitest/dist/chunks/runBaseTests.9Ij9_de-.js:84:3)\n    at run (file:///Users/Data/Warehouse/Focus/tucsenberg-web-frontier/node_modules/.pnpm/vitest@3.2.4_@types+debug@4.1.12_@types+node@20.19.9_@vitest+ui@3.2.4_jiti@2.5.1_jsdom@_8e2c5c501967e2f6fa08df5ad544d5f0/node_modules/vitest/dist/chunks/runBaseTests.9Ij9_de-.js:109:2)"],"location":{"line":112,"column":5},"meta":{}},{"ancestorTitles":["useWebVitalsDiagnostics","refreshDiagnostics"],"fullName":"useWebVitalsDiagnostics refreshDiagnostics should generate new diagnostic report","status":"failed","title":"should generate new diagnostic report","duration":6.610334000000876,"failureMessages":["TypeError: Cannot read properties of null (reading 'refreshDiagnostics')\n    at /Users/Data/Warehouse/Focus/tucsenberg-web-frontier/src/hooks/__tests__/use-web-vitals-diagnostics.test.ts:144:40\n    at /Users/Data/Warehouse/Focus/tucsenberg-web-frontier/node_modules/.pnpm/@testing-library+react@16.3.0_@testing-library+dom@10.4.1_@types+react-dom@19.1.6_@type_a919bd48eba5bf0f12d0de507af0a350/node_modules/@testing-library/react/dist/act-compat.js:48:24\n    at process.env.NODE_ENV.exports.act (/Users/Data/Warehouse/Focus/tucsenberg-web-frontier/node_modules/.pnpm/react@19.1.1/node_modules/react/cjs/react.development.js:790:22)\n    at Proxy.<anonymous> (/Users/Data/Warehouse/Focus/tucsenberg-web-frontier/node_modules/.pnpm/@testing-library+react@16.3.0_@testing-library+dom@10.4.1_@types+react-dom@19.1.6_@type_a919bd48eba5bf0f12d0de507af0a350/node_modules/@testing-library/react/dist/act-compat.js:47:25)\n    at /Users/Data/Warehouse/Focus/tucsenberg-web-frontier/src/hooks/__tests__/use-web-vitals-diagnostics.test.ts:143:13\n    at file:///Users/Data/Warehouse/Focus/tucsenberg-web-frontier/node_modules/.pnpm/@vitest+runner@3.2.4/node_modules/@vitest/runner/dist/chunk-hooks.js:155:11\n    at file:///Users/Data/Warehouse/Focus/tucsenberg-web-frontier/node_modules/.pnpm/@vitest+runner@3.2.4/node_modules/@vitest/runner/dist/chunk-hooks.js:752:26\n    at file:///Users/Data/Warehouse/Focus/tucsenberg-web-frontier/node_modules/.pnpm/@vitest+runner@3.2.4/node_modules/@vitest/runner/dist/chunk-hooks.js:1897:20\n    at new Promise (<anonymous>)\n    at runWithTimeout (file:///Users/Data/Warehouse/Focus/tucsenberg-web-frontier/node_modules/.pnpm/@vitest+runner@3.2.4/node_modules/@vitest/runner/dist/chunk-hooks.js:1863:10)"],"location":{"line":140,"column":5},"meta":{}},{"ancestorTitles":["useWebVitalsDiagnostics","refreshDiagnostics"],"fullName":"useWebVitalsDiagnostics refreshDiagnostics should save report to localStorage","status":"failed","title":"should save report to localStorage","duration":4.658166999999594,"failureMessages":["TypeError: Cannot read properties of null (reading 'refreshDiagnostics')\n    at /Users/Data/Warehouse/Focus/tucsenberg-web-frontier/src/hooks/__tests__/use-web-vitals-diagnostics.test.ts:162:40\n    at /Users/Data/Warehouse/Focus/tucsenberg-web-frontier/node_modules/.pnpm/@testing-library+react@16.3.0_@testing-library+dom@10.4.1_@types+react-dom@19.1.6_@type_a919bd48eba5bf0f12d0de507af0a350/node_modules/@testing-library/react/dist/act-compat.js:48:24\n    at process.env.NODE_ENV.exports.act (/Users/Data/Warehouse/Focus/tucsenberg-web-frontier/node_modules/.pnpm/react@19.1.1/node_modules/react/cjs/react.development.js:790:22)\n    at Proxy.<anonymous> (/Users/Data/Warehouse/Focus/tucsenberg-web-frontier/node_modules/.pnpm/@testing-library+react@16.3.0_@testing-library+dom@10.4.1_@types+react-dom@19.1.6_@type_a919bd48eba5bf0f12d0de507af0a350/node_modules/@testing-library/react/dist/act-compat.js:47:25)\n    at /Users/Data/Warehouse/Focus/tucsenberg-web-frontier/src/hooks/__tests__/use-web-vitals-diagnostics.test.ts:161:13\n    at file:///Users/Data/Warehouse/Focus/tucsenberg-web-frontier/node_modules/.pnpm/@vitest+runner@3.2.4/node_modules/@vitest/runner/dist/chunk-hooks.js:155:11\n    at file:///Users/Data/Warehouse/Focus/tucsenberg-web-frontier/node_modules/.pnpm/@vitest+runner@3.2.4/node_modules/@vitest/runner/dist/chunk-hooks.js:752:26\n    at file:///Users/Data/Warehouse/Focus/tucsenberg-web-frontier/node_modules/.pnpm/@vitest+runner@3.2.4/node_modules/@vitest/runner/dist/chunk-hooks.js:1897:20\n    at new Promise (<anonymous>)\n    at runWithTimeout (file:///Users/Data/Warehouse/Focus/tucsenberg-web-frontier/node_modules/.pnpm/@vitest+runner@3.2.4/node_modules/@vitest/runner/dist/chunk-hooks.js:1863:10)"],"location":{"line":158,"column":5},"meta":{}},{"ancestorTitles":["useWebVitalsDiagnostics","refreshDiagnostics"],"fullName":"useWebVitalsDiagnostics refreshDiagnostics should handle errors during report generation","status":"failed","title":"should handle errors during report generation","duration":3.8350829999999405,"failureMessages":["TypeError: Cannot read properties of null (reading 'refreshDiagnostics')\n    at /Users/Data/Warehouse/Focus/tucsenberg-web-frontier/src/hooks/__tests__/use-web-vitals-diagnostics.test.ts:186:40\n    at /Users/Data/Warehouse/Focus/tucsenberg-web-frontier/node_modules/.pnpm/@testing-library+react@16.3.0_@testing-library+dom@10.4.1_@types+react-dom@19.1.6_@type_a919bd48eba5bf0f12d0de507af0a350/node_modules/@testing-library/react/dist/act-compat.js:48:24\n    at process.env.NODE_ENV.exports.act (/Users/Data/Warehouse/Focus/tucsenberg-web-frontier/node_modules/.pnpm/react@19.1.1/node_modules/react/cjs/react.development.js:790:22)\n    at Proxy.<anonymous> (/Users/Data/Warehouse/Focus/tucsenberg-web-frontier/node_modules/.pnpm/@testing-library+react@16.3.0_@testing-library+dom@10.4.1_@types+react-dom@19.1.6_@type_a919bd48eba5bf0f12d0de507af0a350/node_modules/@testing-library/react/dist/act-compat.js:47:25)\n    at /Users/Data/Warehouse/Focus/tucsenberg-web-frontier/src/hooks/__tests__/use-web-vitals-diagnostics.test.ts:185:13\n    at file:///Users/Data/Warehouse/Focus/tucsenberg-web-frontier/node_modules/.pnpm/@vitest+runner@3.2.4/node_modules/@vitest/runner/dist/chunk-hooks.js:752:20"],"location":{"line":173,"column":5},"meta":{}},{"ancestorTitles":["useWebVitalsDiagnostics","refreshDiagnostics"],"fullName":"useWebVitalsDiagnostics refreshDiagnostics should handle unknown errors","status":"failed","title":"should handle unknown errors","duration":3.086250000000291,"failureMessages":["TypeError: Cannot read properties of null (reading 'refreshDiagnostics')\n    at /Users/Data/Warehouse/Focus/tucsenberg-web-frontier/src/hooks/__tests__/use-web-vitals-diagnostics.test.ts:208:40\n    at /Users/Data/Warehouse/Focus/tucsenberg-web-frontier/node_modules/.pnpm/@testing-library+react@16.3.0_@testing-library+dom@10.4.1_@types+react-dom@19.1.6_@type_a919bd48eba5bf0f12d0de507af0a350/node_modules/@testing-library/react/dist/act-compat.js:48:24\n    at process.env.NODE_ENV.exports.act (/Users/Data/Warehouse/Focus/tucsenberg-web-frontier/node_modules/.pnpm/react@19.1.1/node_modules/react/cjs/react.development.js:790:22)\n    at Proxy.<anonymous> (/Users/Data/Warehouse/Focus/tucsenberg-web-frontier/node_modules/.pnpm/@testing-library+react@16.3.0_@testing-library+dom@10.4.1_@types+react-dom@19.1.6_@type_a919bd48eba5bf0f12d0de507af0a350/node_modules/@testing-library/react/dist/act-compat.js:47:25)\n    at /Users/Data/Warehouse/Focus/tucsenberg-web-frontier/src/hooks/__tests__/use-web-vitals-diagnostics.test.ts:207:13\n    at file:///Users/Data/Warehouse/Focus/tucsenberg-web-frontier/node_modules/.pnpm/@vitest+runner@3.2.4/node_modules/@vitest/runner/dist/chunk-hooks.js:752:20"],"location":{"line":195,"column":5},"meta":{}},{"ancestorTitles":["useWebVitalsDiagnostics","localStorage operations"],"fullName":"useWebVitalsDiagnostics localStorage operations should handle localStorage read errors gracefully","status":"failed","title":"should handle localStorage read errors gracefully","duration":7.344166999999288,"failureMessages":["AssertionError: expected \"spy\" to be called with arguments: [ …(2) ]\u001b[90m\n\nNumber of calls: \u001b[1m0\u001b[22m\n\u001b[39m\n    at Proxy.<anonymous> (file:///Users/Data/Warehouse/Focus/tucsenberg-web-frontier/node_modules/.pnpm/@vitest+expect@3.2.4/node_modules/@vitest/expect/dist/index.js:1355:10)\n    at Proxy.<anonymous> (file:///Users/Data/Warehouse/Focus/tucsenberg-web-frontier/node_modules/.pnpm/@vitest+expect@3.2.4/node_modules/@vitest/expect/dist/index.js:1029:14)\n    at Proxy.methodWrapper (file:///Users/Data/Warehouse/Focus/tucsenberg-web-frontier/node_modules/.pnpm/chai@5.2.1/node_modules/chai/chai.js:1706:25)\n    at /Users/Data/Warehouse/Focus/tucsenberg-web-frontier/src/hooks/__tests__/use-web-vitals-diagnostics.test.ts:227:31\n    at file:///Users/Data/Warehouse/Focus/tucsenberg-web-frontier/node_modules/.pnpm/@vitest+runner@3.2.4/node_modules/@vitest/runner/dist/chunk-hooks.js:155:11\n    at file:///Users/Data/Warehouse/Focus/tucsenberg-web-frontier/node_modules/.pnpm/@vitest+runner@3.2.4/node_modules/@vitest/runner/dist/chunk-hooks.js:752:26\n    at file:///Users/Data/Warehouse/Focus/tucsenberg-web-frontier/node_modules/.pnpm/@vitest+runner@3.2.4/node_modules/@vitest/runner/dist/chunk-hooks.js:1897:20\n    at new Promise (<anonymous>)\n    at runWithTimeout (file:///Users/Data/Warehouse/Focus/tucsenberg-web-frontier/node_modules/.pnpm/@vitest+runner@3.2.4/node_modules/@vitest/runner/dist/chunk-hooks.js:1863:10)\n    at runTest (file:///Users/Data/Warehouse/Focus/tucsenberg-web-frontier/node_modules/.pnpm/@vitest+runner@3.2.4/node_modules/@vitest/runner/dist/chunk-hooks.js:1574:12)"],"location":{"line":218,"column":5},"meta":{}},{"ancestorTitles":["useWebVitalsDiagnostics","localStorage operations"],"fullName":"useWebVitalsDiagnostics localStorage operations should handle invalid JSON in localStorage","status":"failed","title":"should handle invalid JSON in localStorage","duration":3.9009580000001733,"failureMessages":["AssertionError: expected \"spy\" to be called with arguments: [ …(2) ]\u001b[90m\n\nNumber of calls: \u001b[1m0\u001b[22m\n\u001b[39m\n    at Proxy.<anonymous> (file:///Users/Data/Warehouse/Focus/tucsenberg-web-frontier/node_modules/.pnpm/@vitest+expect@3.2.4/node_modules/@vitest/expect/dist/index.js:1355:10)\n    at Proxy.<anonymous> (file:///Users/Data/Warehouse/Focus/tucsenberg-web-frontier/node_modules/.pnpm/@vitest+expect@3.2.4/node_modules/@vitest/expect/dist/index.js:1029:14)\n    at Proxy.methodWrapper (file:///Users/Data/Warehouse/Focus/tucsenberg-web-frontier/node_modules/.pnpm/chai@5.2.1/node_modules/chai/chai.js:1706:25)\n    at /Users/Data/Warehouse/Focus/tucsenberg-web-frontier/src/hooks/__tests__/use-web-vitals-diagnostics.test.ts:239:31\n    at file:///Users/Data/Warehouse/Focus/tucsenberg-web-frontier/node_modules/.pnpm/@vitest+runner@3.2.4/node_modules/@vitest/runner/dist/chunk-hooks.js:155:11\n    at file:///Users/Data/Warehouse/Focus/tucsenberg-web-frontier/node_modules/.pnpm/@vitest+runner@3.2.4/node_modules/@vitest/runner/dist/chunk-hooks.js:752:26\n    at file:///Users/Data/Warehouse/Focus/tucsenberg-web-frontier/node_modules/.pnpm/@vitest+runner@3.2.4/node_modules/@vitest/runner/dist/chunk-hooks.js:1897:20\n    at new Promise (<anonymous>)\n    at runWithTimeout (file:///Users/Data/Warehouse/Focus/tucsenberg-web-frontier/node_modules/.pnpm/@vitest+runner@3.2.4/node_modules/@vitest/runner/dist/chunk-hooks.js:1863:10)\n    at runTest (file:///Users/Data/Warehouse/Focus/tucsenberg-web-frontier/node_modules/.pnpm/@vitest+runner@3.2.4/node_modules/@vitest/runner/dist/chunk-hooks.js:1574:12)"],"location":{"line":233,"column":5},"meta":{}},{"ancestorTitles":["useWebVitalsDiagnostics","localStorage operations"],"fullName":"useWebVitalsDiagnostics localStorage operations should handle non-array data in localStorage","status":"failed","title":"should handle non-array data in localStorage","duration":2.91608400000041,"failureMessages":["TypeError: Cannot read properties of null (reading 'refreshDiagnostics')\n    at /Users/Data/Warehouse/Focus/tucsenberg-web-frontier/src/hooks/__tests__/use-web-vitals-diagnostics.test.ts:251:40\n    at /Users/Data/Warehouse/Focus/tucsenberg-web-frontier/node_modules/.pnpm/@testing-library+react@16.3.0_@testing-library+dom@10.4.1_@types+react-dom@19.1.6_@type_a919bd48eba5bf0f12d0de507af0a350/node_modules/@testing-library/react/dist/act-compat.js:48:24\n    at process.env.NODE_ENV.exports.act (/Users/Data/Warehouse/Focus/tucsenberg-web-frontier/node_modules/.pnpm/react@19.1.1/node_modules/react/cjs/react.development.js:790:22)\n    at Proxy.<anonymous> (/Users/Data/Warehouse/Focus/tucsenberg-web-frontier/node_modules/.pnpm/@testing-library+react@16.3.0_@testing-library+dom@10.4.1_@types+react-dom@19.1.6_@type_a919bd48eba5bf0f12d0de507af0a350/node_modules/@testing-library/react/dist/act-compat.js:47:25)\n    at /Users/Data/Warehouse/Focus/tucsenberg-web-frontier/src/hooks/__tests__/use-web-vitals-diagnostics.test.ts:250:13\n    at file:///Users/Data/Warehouse/Focus/tucsenberg-web-frontier/node_modules/.pnpm/@vitest+runner@3.2.4/node_modules/@vitest/runner/dist/chunk-hooks.js:155:11\n    at file:///Users/Data/Warehouse/Focus/tucsenberg-web-frontier/node_modules/.pnpm/@vitest+runner@3.2.4/node_modules/@vitest/runner/dist/chunk-hooks.js:752:26\n    at file:///Users/Data/Warehouse/Focus/tucsenberg-web-frontier/node_modules/.pnpm/@vitest+runner@3.2.4/node_modules/@vitest/runner/dist/chunk-hooks.js:1897:20\n    at new Promise (<anonymous>)\n    at runWithTimeout (file:///Users/Data/Warehouse/Focus/tucsenberg-web-frontier/node_modules/.pnpm/@vitest+runner@3.2.4/node_modules/@vitest/runner/dist/chunk-hooks.js:1863:10)"],"location":{"line":245,"column":5},"meta":{}},{"ancestorTitles":["useWebVitalsDiagnostics","localStorage operations"],"fullName":"useWebVitalsDiagnostics localStorage operations should handle localStorage write errors gracefully","status":"failed","title":"should handle localStorage write errors gracefully","duration":2.021708000000217,"failureMessages":["TypeError: Cannot read properties of null (reading 'refreshDiagnostics')\n    at /Users/Data/Warehouse/Focus/tucsenberg-web-frontier/src/hooks/__tests__/use-web-vitals-diagnostics.test.ts:268:40\n    at /Users/Data/Warehouse/Focus/tucsenberg-web-frontier/node_modules/.pnpm/@testing-library+react@16.3.0_@testing-library+dom@10.4.1_@types+react-dom@19.1.6_@type_a919bd48eba5bf0f12d0de507af0a350/node_modules/@testing-library/react/dist/act-compat.js:48:24\n    at process.env.NODE_ENV.exports.act (/Users/Data/Warehouse/Focus/tucsenberg-web-frontier/node_modules/.pnpm/react@19.1.1/node_modules/react/cjs/react.development.js:790:22)\n    at Proxy.<anonymous> (/Users/Data/Warehouse/Focus/tucsenberg-web-frontier/node_modules/.pnpm/@testing-library+react@16.3.0_@testing-library+dom@10.4.1_@types+react-dom@19.1.6_@type_a919bd48eba5bf0f12d0de507af0a350/node_modules/@testing-library/react/dist/act-compat.js:47:25)\n    at /Users/Data/Warehouse/Focus/tucsenberg-web-frontier/src/hooks/__tests__/use-web-vitals-diagnostics.test.ts:267:13\n    at file:///Users/Data/Warehouse/Focus/tucsenberg-web-frontier/node_modules/.pnpm/@vitest+runner@3.2.4/node_modules/@vitest/runner/dist/chunk-hooks.js:155:11\n    at file:///Users/Data/Warehouse/Focus/tucsenberg-web-frontier/node_modules/.pnpm/@vitest+runner@3.2.4/node_modules/@vitest/runner/dist/chunk-hooks.js:752:26\n    at file:///Users/Data/Warehouse/Focus/tucsenberg-web-frontier/node_modules/.pnpm/@vitest+runner@3.2.4/node_modules/@vitest/runner/dist/chunk-hooks.js:1897:20\n    at new Promise (<anonymous>)\n    at runWithTimeout (file:///Users/Data/Warehouse/Focus/tucsenberg-web-frontier/node_modules/.pnpm/@vitest+runner@3.2.4/node_modules/@vitest/runner/dist/chunk-hooks.js:1863:10)"],"location":{"line":260,"column":5},"meta":{}},{"ancestorTitles":["useWebVitalsDiagnostics","localStorage operations"],"fullName":"useWebVitalsDiagnostics localStorage operations should limit stored reports to 50","status":"failed","title":"should limit stored reports to 50","duration":2.9436249999998836,"failureMessages":["TypeError: Cannot read properties of null (reading 'refreshDiagnostics')\n    at /Users/Data/Warehouse/Focus/tucsenberg-web-frontier/src/hooks/__tests__/use-web-vitals-diagnostics.test.ts:293:40\n    at /Users/Data/Warehouse/Focus/tucsenberg-web-frontier/node_modules/.pnpm/@testing-library+react@16.3.0_@testing-library+dom@10.4.1_@types+react-dom@19.1.6_@type_a919bd48eba5bf0f12d0de507af0a350/node_modules/@testing-library/react/dist/act-compat.js:48:24\n    at process.env.NODE_ENV.exports.act (/Users/Data/Warehouse/Focus/tucsenberg-web-frontier/node_modules/.pnpm/react@19.1.1/node_modules/react/cjs/react.development.js:790:22)\n    at Proxy.<anonymous> (/Users/Data/Warehouse/Focus/tucsenberg-web-frontier/node_modules/.pnpm/@testing-library+react@16.3.0_@testing-library+dom@10.4.1_@types+react-dom@19.1.6_@type_a919bd48eba5bf0f12d0de507af0a350/node_modules/@testing-library/react/dist/act-compat.js:47:25)\n    at /Users/Data/Warehouse/Focus/tucsenberg-web-frontier/src/hooks/__tests__/use-web-vitals-diagnostics.test.ts:292:13\n    at file:///Users/Data/Warehouse/Focus/tucsenberg-web-frontier/node_modules/.pnpm/@vitest+runner@3.2.4/node_modules/@vitest/runner/dist/chunk-hooks.js:155:11\n    at file:///Users/Data/Warehouse/Focus/tucsenberg-web-frontier/node_modules/.pnpm/@vitest+runner@3.2.4/node_modules/@vitest/runner/dist/chunk-hooks.js:752:26\n    at file:///Users/Data/Warehouse/Focus/tucsenberg-web-frontier/node_modules/.pnpm/@vitest+runner@3.2.4/node_modules/@vitest/runner/dist/chunk-hooks.js:1897:20\n    at new Promise (<anonymous>)\n    at runWithTimeout (file:///Users/Data/Warehouse/Focus/tucsenberg-web-frontier/node_modules/.pnpm/@vitest+runner@3.2.4/node_modules/@vitest/runner/dist/chunk-hooks.js:1863:10)"],"location":{"line":281,"column":5},"meta":{}},{"ancestorTitles":["useWebVitalsDiagnostics","performance trends analysis"],"fullName":"useWebVitalsDiagnostics performance trends analysis should return null when insufficient data","status":"failed","title":"should return null when insufficient data","duration":1.741041999999652,"failureMessages":["TypeError: Cannot read properties of null (reading 'getPerformanceTrends')\n    at /Users/Data/Warehouse/Focus/tucsenberg-web-frontier/src/hooks/__tests__/use-web-vitals-diagnostics.test.ts:312:37\n    at file:///Users/Data/Warehouse/Focus/tucsenberg-web-frontier/node_modules/.pnpm/@vitest+runner@3.2.4/node_modules/@vitest/runner/dist/chunk-hooks.js:155:11\n    at file:///Users/Data/Warehouse/Focus/tucsenberg-web-frontier/node_modules/.pnpm/@vitest+runner@3.2.4/node_modules/@vitest/runner/dist/chunk-hooks.js:752:26\n    at file:///Users/Data/Warehouse/Focus/tucsenberg-web-frontier/node_modules/.pnpm/@vitest+runner@3.2.4/node_modules/@vitest/runner/dist/chunk-hooks.js:1897:20\n    at new Promise (<anonymous>)\n    at runWithTimeout (file:///Users/Data/Warehouse/Focus/tucsenberg-web-frontier/node_modules/.pnpm/@vitest+runner@3.2.4/node_modules/@vitest/runner/dist/chunk-hooks.js:1863:10)\n    at runTest (file:///Users/Data/Warehouse/Focus/tucsenberg-web-frontier/node_modules/.pnpm/@vitest+runner@3.2.4/node_modules/@vitest/runner/dist/chunk-hooks.js:1574:12)\n    at runSuite (file:///Users/Data/Warehouse/Focus/tucsenberg-web-frontier/node_modules/.pnpm/@vitest+runner@3.2.4/node_modules/@vitest/runner/dist/chunk-hooks.js:1729:8)\n    at runSuite (file:///Users/Data/Warehouse/Focus/tucsenberg-web-frontier/node_modules/.pnpm/@vitest+runner@3.2.4/node_modules/@vitest/runner/dist/chunk-hooks.js:1729:8)\n    at runSuite (file:///Users/Data/Warehouse/Focus/tucsenberg-web-frontier/node_modules/.pnpm/@vitest+runner@3.2.4/node_modules/@vitest/runner/dist/chunk-hooks.js:1729:8)"],"location":{"line":309,"column":5},"meta":{}},{"ancestorTitles":["useWebVitalsDiagnostics","performance trends analysis"],"fullName":"useWebVitalsDiagnostics performance trends analysis should calculate performance trends with sufficient data","status":"failed","title":"should calculate performance trends with sufficient data","duration":1.662333000000217,"failureMessages":["TypeError: Cannot read properties of null (reading 'refreshDiagnostics')\n    at /Users/Data/Warehouse/Focus/tucsenberg-web-frontier/src/hooks/__tests__/use-web-vitals-diagnostics.test.ts:344:40\n    at /Users/Data/Warehouse/Focus/tucsenberg-web-frontier/node_modules/.pnpm/@testing-library+react@16.3.0_@testing-library+dom@10.4.1_@types+react-dom@19.1.6_@type_a919bd48eba5bf0f12d0de507af0a350/node_modules/@testing-library/react/dist/act-compat.js:48:24\n    at process.env.NODE_ENV.exports.act (/Users/Data/Warehouse/Focus/tucsenberg-web-frontier/node_modules/.pnpm/react@19.1.1/node_modules/react/cjs/react.development.js:790:22)\n    at Proxy.<anonymous> (/Users/Data/Warehouse/Focus/tucsenberg-web-frontier/node_modules/.pnpm/@testing-library+react@16.3.0_@testing-library+dom@10.4.1_@types+react-dom@19.1.6_@type_a919bd48eba5bf0f12d0de507af0a350/node_modules/@testing-library/react/dist/act-compat.js:47:25)\n    at /Users/Data/Warehouse/Focus/tucsenberg-web-frontier/src/hooks/__tests__/use-web-vitals-diagnostics.test.ts:343:13\n    at file:///Users/Data/Warehouse/Focus/tucsenberg-web-frontier/node_modules/.pnpm/@vitest+runner@3.2.4/node_modules/@vitest/runner/dist/chunk-hooks.js:155:11\n    at file:///Users/Data/Warehouse/Focus/tucsenberg-web-frontier/node_modules/.pnpm/@vitest+runner@3.2.4/node_modules/@vitest/runner/dist/chunk-hooks.js:752:26\n    at file:///Users/Data/Warehouse/Focus/tucsenberg-web-frontier/node_modules/.pnpm/@vitest+runner@3.2.4/node_modules/@vitest/runner/dist/chunk-hooks.js:1897:20\n    at new Promise (<anonymous>)\n    at runWithTimeout (file:///Users/Data/Warehouse/Focus/tucsenberg-web-frontier/node_modules/.pnpm/@vitest+runner@3.2.4/node_modules/@vitest/runner/dist/chunk-hooks.js:1863:10)"],"location":{"line":316,"column":5},"meta":{}},{"ancestorTitles":["useWebVitalsDiagnostics","performance trends analysis"],"fullName":"useWebVitalsDiagnostics performance trends analysis should handle empty metrics in trend calculation","status":"failed","title":"should handle empty metrics in trend calculation","duration":2.090458000000581,"failureMessages":["TypeError: Cannot read properties of null (reading 'refreshDiagnostics')\n    at /Users/Data/Warehouse/Focus/tucsenberg-web-frontier/src/hooks/__tests__/use-web-vitals-diagnostics.test.ts:378:40\n    at /Users/Data/Warehouse/Focus/tucsenberg-web-frontier/node_modules/.pnpm/@testing-library+react@16.3.0_@testing-library+dom@10.4.1_@types+react-dom@19.1.6_@type_a919bd48eba5bf0f12d0de507af0a350/node_modules/@testing-library/react/dist/act-compat.js:48:24\n    at process.env.NODE_ENV.exports.act (/Users/Data/Warehouse/Focus/tucsenberg-web-frontier/node_modules/.pnpm/react@19.1.1/node_modules/react/cjs/react.development.js:790:22)\n    at Proxy.<anonymous> (/Users/Data/Warehouse/Focus/tucsenberg-web-frontier/node_modules/.pnpm/@testing-library+react@16.3.0_@testing-library+dom@10.4.1_@types+react-dom@19.1.6_@type_a919bd48eba5bf0f12d0de507af0a350/node_modules/@testing-library/react/dist/act-compat.js:47:25)\n    at /Users/Data/Warehouse/Focus/tucsenberg-web-frontier/src/hooks/__tests__/use-web-vitals-diagnostics.test.ts:377:13\n    at file:///Users/Data/Warehouse/Focus/tucsenberg-web-frontier/node_modules/.pnpm/@vitest+runner@3.2.4/node_modules/@vitest/runner/dist/chunk-hooks.js:155:11\n    at file:///Users/Data/Warehouse/Focus/tucsenberg-web-frontier/node_modules/.pnpm/@vitest+runner@3.2.4/node_modules/@vitest/runner/dist/chunk-hooks.js:752:26\n    at file:///Users/Data/Warehouse/Focus/tucsenberg-web-frontier/node_modules/.pnpm/@vitest+runner@3.2.4/node_modules/@vitest/runner/dist/chunk-hooks.js:1897:20\n    at new Promise (<anonymous>)\n    at runWithTimeout (file:///Users/Data/Warehouse/Focus/tucsenberg-web-frontier/node_modules/.pnpm/@vitest+runner@3.2.4/node_modules/@vitest/runner/dist/chunk-hooks.js:1863:10)"],"location":{"line":358,"column":5},"meta":{}},{"ancestorTitles":["useWebVitalsDiagnostics","data export"],"fullName":"useWebVitalsDiagnostics data export should call exportReport function","status":"failed","title":"should call exportReport function","duration":1.4339159999999538,"failureMessages":["TypeError: Cannot read properties of null (reading 'refreshDiagnostics')\n    at /Users/Data/Warehouse/Focus/tucsenberg-web-frontier/src/hooks/__tests__/use-web-vitals-diagnostics.test.ts:396:40\n    at /Users/Data/Warehouse/Focus/tucsenberg-web-frontier/node_modules/.pnpm/@testing-library+react@16.3.0_@testing-library+dom@10.4.1_@types+react-dom@19.1.6_@type_a919bd48eba5bf0f12d0de507af0a350/node_modules/@testing-library/react/dist/act-compat.js:48:24\n    at process.env.NODE_ENV.exports.act (/Users/Data/Warehouse/Focus/tucsenberg-web-frontier/node_modules/.pnpm/react@19.1.1/node_modules/react/cjs/react.development.js:790:22)\n    at Proxy.<anonymous> (/Users/Data/Warehouse/Focus/tucsenberg-web-frontier/node_modules/.pnpm/@testing-library+react@16.3.0_@testing-library+dom@10.4.1_@types+react-dom@19.1.6_@type_a919bd48eba5bf0f12d0de507af0a350/node_modules/@testing-library/react/dist/act-compat.js:47:25)\n    at /Users/Data/Warehouse/Focus/tucsenberg-web-frontier/src/hooks/__tests__/use-web-vitals-diagnostics.test.ts:395:13\n    at file:///Users/Data/Warehouse/Focus/tucsenberg-web-frontier/node_modules/.pnpm/@vitest+runner@3.2.4/node_modules/@vitest/runner/dist/chunk-hooks.js:155:11\n    at file:///Users/Data/Warehouse/Focus/tucsenberg-web-frontier/node_modules/.pnpm/@vitest+runner@3.2.4/node_modules/@vitest/runner/dist/chunk-hooks.js:752:26\n    at file:///Users/Data/Warehouse/Focus/tucsenberg-web-frontier/node_modules/.pnpm/@vitest+runner@3.2.4/node_modules/@vitest/runner/dist/chunk-hooks.js:1897:20\n    at new Promise (<anonymous>)\n    at runWithTimeout (file:///Users/Data/Warehouse/Focus/tucsenberg-web-frontier/node_modules/.pnpm/@vitest+runner@3.2.4/node_modules/@vitest/runner/dist/chunk-hooks.js:1863:10)"],"location":{"line":392,"column":5},"meta":{}},{"ancestorTitles":["useWebVitalsDiagnostics","data export"],"fullName":"useWebVitalsDiagnostics data export should handle export with empty state","status":"failed","title":"should handle export with empty state","duration":2.404999999998836,"failureMessages":["AssertionError: expected [Function] to not throw an error but 'TypeError: Cannot read properties of …' was thrown\n    at Proxy.<anonymous> (file:///Users/Data/Warehouse/Focus/tucsenberg-web-frontier/node_modules/.pnpm/@vitest+expect@3.2.4/node_modules/@vitest/expect/dist/index.js:1420:16)\n    at Proxy.<anonymous> (file:///Users/Data/Warehouse/Focus/tucsenberg-web-frontier/node_modules/.pnpm/@vitest+expect@3.2.4/node_modules/@vitest/expect/dist/index.js:1029:14)\n    at Proxy.methodWrapper (file:///Users/Data/Warehouse/Focus/tucsenberg-web-frontier/node_modules/.pnpm/chai@5.2.1/node_modules/chai/chai.js:1706:25)\n    at /Users/Data/Warehouse/Focus/tucsenberg-web-frontier/src/hooks/__tests__/use-web-vitals-diagnostics.test.ts:411:14\n    at file:///Users/Data/Warehouse/Focus/tucsenberg-web-frontier/node_modules/.pnpm/@vitest+runner@3.2.4/node_modules/@vitest/runner/dist/chunk-hooks.js:155:11\n    at file:///Users/Data/Warehouse/Focus/tucsenberg-web-frontier/node_modules/.pnpm/@vitest+runner@3.2.4/node_modules/@vitest/runner/dist/chunk-hooks.js:752:26\n    at file:///Users/Data/Warehouse/Focus/tucsenberg-web-frontier/node_modules/.pnpm/@vitest+runner@3.2.4/node_modules/@vitest/runner/dist/chunk-hooks.js:1897:20\n    at new Promise (<anonymous>)\n    at runWithTimeout (file:///Users/Data/Warehouse/Focus/tucsenberg-web-frontier/node_modules/.pnpm/@vitest+runner@3.2.4/node_modules/@vitest/runner/dist/chunk-hooks.js:1863:10)\n    at runTest (file:///Users/Data/Warehouse/Focus/tucsenberg-web-frontier/node_modules/.pnpm/@vitest+runner@3.2.4/node_modules/@vitest/runner/dist/chunk-hooks.js:1574:12)"],"location":{"line":406,"column":5},"meta":{}},{"ancestorTitles":["useWebVitalsDiagnostics","clear history"],"fullName":"useWebVitalsDiagnostics clear history should clear historical data","status":"failed","title":"should clear historical data","duration":1.143458999998984,"failureMessages":["TypeError: Cannot read properties of null (reading 'refreshDiagnostics')\n    at /Users/Data/Warehouse/Focus/tucsenberg-web-frontier/src/hooks/__tests__/use-web-vitals-diagnostics.test.ts:421:40\n    at /Users/Data/Warehouse/Focus/tucsenberg-web-frontier/node_modules/.pnpm/@testing-library+react@16.3.0_@testing-library+dom@10.4.1_@types+react-dom@19.1.6_@type_a919bd48eba5bf0f12d0de507af0a350/node_modules/@testing-library/react/dist/act-compat.js:48:24\n    at process.env.NODE_ENV.exports.act (/Users/Data/Warehouse/Focus/tucsenberg-web-frontier/node_modules/.pnpm/react@19.1.1/node_modules/react/cjs/react.development.js:790:22)\n    at Proxy.<anonymous> (/Users/Data/Warehouse/Focus/tucsenberg-web-frontier/node_modules/.pnpm/@testing-library+react@16.3.0_@testing-library+dom@10.4.1_@types+react-dom@19.1.6_@type_a919bd48eba5bf0f12d0de507af0a350/node_modules/@testing-library/react/dist/act-compat.js:47:25)\n    at /Users/Data/Warehouse/Focus/tucsenberg-web-frontier/src/hooks/__tests__/use-web-vitals-diagnostics.test.ts:420:13\n    at file:///Users/Data/Warehouse/Focus/tucsenberg-web-frontier/node_modules/.pnpm/@vitest+runner@3.2.4/node_modules/@vitest/runner/dist/chunk-hooks.js:155:11\n    at file:///Users/Data/Warehouse/Focus/tucsenberg-web-frontier/node_modules/.pnpm/@vitest+runner@3.2.4/node_modules/@vitest/runner/dist/chunk-hooks.js:752:26\n    at file:///Users/Data/Warehouse/Focus/tucsenberg-web-frontier/node_modules/.pnpm/@vitest+runner@3.2.4/node_modules/@vitest/runner/dist/chunk-hooks.js:1897:20\n    at new Promise (<anonymous>)\n    at runWithTimeout (file:///Users/Data/Warehouse/Focus/tucsenberg-web-frontier/node_modules/.pnpm/@vitest+runner@3.2.4/node_modules/@vitest/runner/dist/chunk-hooks.js:1863:10)"],"location":{"line":416,"column":5},"meta":{}},{"ancestorTitles":["useWebVitalsDiagnostics","edge cases"],"fullName":"useWebVitalsDiagnostics edge cases should handle multiple rapid refresh calls","status":"failed","title":"should handle multiple rapid refresh calls","duration":1.1105840000000171,"failureMessages":["TypeError: Cannot read properties of null (reading 'refreshDiagnostics')\n    at /Users/Data/Warehouse/Focus/tucsenberg-web-frontier/src/hooks/__tests__/use-web-vitals-diagnostics.test.ts:447:26\n    at /Users/Data/Warehouse/Focus/tucsenberg-web-frontier/node_modules/.pnpm/@testing-library+react@16.3.0_@testing-library+dom@10.4.1_@types+react-dom@19.1.6_@type_a919bd48eba5bf0f12d0de507af0a350/node_modules/@testing-library/react/dist/act-compat.js:48:24\n    at process.env.NODE_ENV.exports.act (/Users/Data/Warehouse/Focus/tucsenberg-web-frontier/node_modules/.pnpm/react@19.1.1/node_modules/react/cjs/react.development.js:790:22)\n    at Proxy.<anonymous> (/Users/Data/Warehouse/Focus/tucsenberg-web-frontier/node_modules/.pnpm/@testing-library+react@16.3.0_@testing-library+dom@10.4.1_@types+react-dom@19.1.6_@type_a919bd48eba5bf0f12d0de507af0a350/node_modules/@testing-library/react/dist/act-compat.js:47:25)\n    at /Users/Data/Warehouse/Focus/tucsenberg-web-frontier/src/hooks/__tests__/use-web-vitals-diagnostics.test.ts:445:13\n    at file:///Users/Data/Warehouse/Focus/tucsenberg-web-frontier/node_modules/.pnpm/@vitest+runner@3.2.4/node_modules/@vitest/runner/dist/chunk-hooks.js:155:11\n    at file:///Users/Data/Warehouse/Focus/tucsenberg-web-frontier/node_modules/.pnpm/@vitest+runner@3.2.4/node_modules/@vitest/runner/dist/chunk-hooks.js:752:26\n    at file:///Users/Data/Warehouse/Focus/tucsenberg-web-frontier/node_modules/.pnpm/@vitest+runner@3.2.4/node_modules/@vitest/runner/dist/chunk-hooks.js:1897:20\n    at new Promise (<anonymous>)\n    at runWithTimeout (file:///Users/Data/Warehouse/Focus/tucsenberg-web-frontier/node_modules/.pnpm/@vitest+runner@3.2.4/node_modules/@vitest/runner/dist/chunk-hooks.js:1863:10)"],"location":{"line":442,"column":5},"meta":{}},{"ancestorTitles":["useWebVitalsDiagnostics","edge cases"],"fullName":"useWebVitalsDiagnostics edge cases should handle component unmounting during async operation","status":"failed","title":"should handle component unmounting during async operation","duration":1.047708000000057,"failureMessages":["TypeError: Cannot read properties of null (reading 'refreshDiagnostics')\n    at /Users/Data/Warehouse/Focus/tucsenberg-web-frontier/src/hooks/__tests__/use-web-vitals-diagnostics.test.ts:465:24\n    at /Users/Data/Warehouse/Focus/tucsenberg-web-frontier/node_modules/.pnpm/@testing-library+react@16.3.0_@testing-library+dom@10.4.1_@types+react-dom@19.1.6_@type_a919bd48eba5bf0f12d0de507af0a350/node_modules/@testing-library/react/dist/act-compat.js:48:24\n    at process.env.NODE_ENV.exports.act (/Users/Data/Warehouse/Focus/tucsenberg-web-frontier/node_modules/.pnpm/react@19.1.1/node_modules/react/cjs/react.development.js:790:22)\n    at Proxy.<anonymous> (/Users/Data/Warehouse/Focus/tucsenberg-web-frontier/node_modules/.pnpm/@testing-library+react@16.3.0_@testing-library+dom@10.4.1_@types+react-dom@19.1.6_@type_a919bd48eba5bf0f12d0de507af0a350/node_modules/@testing-library/react/dist/act-compat.js:47:25)\n    at /Users/Data/Warehouse/Focus/tucsenberg-web-frontier/src/hooks/__tests__/use-web-vitals-diagnostics.test.ts:464:7\n    at file:///Users/Data/Warehouse/Focus/tucsenberg-web-frontier/node_modules/.pnpm/@vitest+runner@3.2.4/node_modules/@vitest/runner/dist/chunk-hooks.js:155:11\n    at file:///Users/Data/Warehouse/Focus/tucsenberg-web-frontier/node_modules/.pnpm/@vitest+runner@3.2.4/node_modules/@vitest/runner/dist/chunk-hooks.js:752:26\n    at file:///Users/Data/Warehouse/Focus/tucsenberg-web-frontier/node_modules/.pnpm/@vitest+runner@3.2.4/node_modules/@vitest/runner/dist/chunk-hooks.js:1897:20\n    at new Promise (<anonymous>)\n    at runWithTimeout (file:///Users/Data/Warehouse/Focus/tucsenberg-web-frontier/node_modules/.pnpm/@vitest+runner@3.2.4/node_modules/@vitest/runner/dist/chunk-hooks.js:1863:10)"],"location":{"line":461,"column":5},"meta":{}}],"startTime":1754841811673,"endTime":1754841821743.0476,"status":"failed","message":"","name":"/Users/Data/Warehouse/Focus/tucsenberg-web-frontier/src/hooks/__tests__/use-web-vitals-diagnostics.test.ts"}]}